commit f0a0a8ad56cf1cdf58f9b3116cfc664c01f39788
Author: AKY2120 <83903639+AKY2120@users.noreply.github.com>
Date:   Mon May 26 14:14:17 2025 +0900

    Update tetris.js

commit d849e2d04cf852b9ca14b3f77800b61af44cd75c
Author: AKY2120 <83903639+AKY2120@users.noreply.github.com>
Date:   Mon May 26 14:07:10 2025 +0900

    Update tetris.js

commit 8563fd06c280a4417edbfd6dc17be259bb61708c
Author: AKY2120 <83903639+AKY2120@users.noreply.github.com>
Date:   Mon May 26 14:00:50 2025 +0900

    400 >> 1000

commit c468cea4cf150d957ce7fe1d78f97866612b69c4
Author: AKY2120 <83903639+AKY2120@users.noreply.github.com>
Date:   Mon May 26 13:51:57 2025 +0900

    green > lime

commit eb7fc553e886363ceefc557393a75c983c8ede19
Author: AKY2120 <83903639+AKY2120@users.noreply.github.com>
Date:   Mon May 26 13:38:45 2025 +0900

    tetris commit
    
    commit
